{
  "Cucumber Features": {
    "coverage": {
      "/Users/Nick/Development/Rails/happiness_kpi/features/step_definitions/home_page_steps.rb": [
        1,
        2,
        null,
        null,
        1,
        1,
        1,
        1,
        null,
        null,
        1,
        1,
        null,
        null,
        1,
        1,
        1,
        null
      ],
      "/Users/Nick/Development/Rails/happiness_kpi/features/step_definitions/reports_page_steps.rb": [
        1,
        2,
        null,
        null,
        1,
        1,
        1,
        1,
        null,
        null,
        null,
        1,
        1,
        1,
        1,
        null,
        null
      ]
    },
    "timestamp": 1376424865
  },
  "RSpec": {
    "coverage": {
      "/Users/Nick/Development/Rails/happiness_kpi/spec/controllers/last_week_controller_spec.rb": [
        1,
        null,
        1,
        null,
        1,
        10,
        null,
        null,
        null,
        null,
        null,
        null,
        null,
        null,
        null,
        80,
        null,
        null,
        null,
        1,
        null,
        1,
        1,
        1,
        null,
        1,
        null,
        1,
        null,
        1,
        null,
        null,
        1,
        null,
        null,
        1,
        1,
        null,
        1,
        null,
        1,
        null,
        1,
        null,
        null,
        1,
        null,
        null,
        1,
        1,
        null,
        1,
        null,
        1,
        null,
        1,
        null,
        null,
        1,
        null,
        null,
        1,
        1,
        null,
        1,
        null,
        null,
        1,
        1,
        null,
        null,
        null,
        1,
        null,
        1,
        1,
        1,
        null,
        null,
        1,
        1,
        1,
        null,
        null,
        1,
        1,
        1,
        null,
        null,
        null,
        1,
        null,
        1,
        1,
        null,
        null,
        1,
        null,
        1,
        null,
        null,
        null
      ],
      "/Users/Nick/Development/Rails/happiness_kpi/spec/controllers/main_controller_spec.rb": [
        1,
        null,
        1,
        null,
        1,
        1,
        1,
        1,
        null,
        null,
        null,
        null
      ],
      "/Users/Nick/Development/Rails/happiness_kpi/spec/controllers/reports_controller_spec.rb": [
        1,
        null,
        1,
        null,
        null
      ],
      "/Users/Nick/Development/Rails/happiness_kpi/spec/helpers/main_helper_spec.rb": [
        1,
        null,
        null,
        null,
        null,
        null,
        null,
        null,
        null,
        null,
        null,
        null
      ],
      "/Users/Nick/Development/Rails/happiness_kpi/spec/models/happiness_kpi_data_model_spec.rb": [
        1,
        null,
        1,
        null,
        1,
        1,
        null,
        null,
        1,
        1,
        null,
        null
      ],
      "/Users/Nick/Development/Rails/happiness_kpi/spec/views/main/index.html.erb_spec.rb": [
        1
      ],
      "/Users/Nick/Development/Rails/happiness_kpi/spec/fabricators/happiness_kpi_datum_fabricator.rb": [
        1,
        1,
        null
      ]
    },
    "timestamp": 1376420756
  }
}
